
Epoch 0: Avg Loss/Batch 0.381158            

HR@1           0.339398      NDCG@1         0.339398
HR@5           0.699694      NDCG@5         0.531307
HR@10          0.817691      NDCG@10        0.569552



Epoch 1: Avg Loss/Batch 0.313252            

HR@1           0.357233      NDCG@1         0.357233
HR@5           0.713565      NDCG@5         0.546924
HR@10          0.835885      NDCG@10        0.586756



Epoch 2: Avg Loss/Batch 0.273848            

HR@1           0.374347      NDCG@1         0.374347
HR@5           0.734282      NDCG@5         0.565728
HR@10          0.852459      NDCG@10        0.604324



Epoch 3: Avg Loss/Batch 0.247233            

HR@1           0.386237      NDCG@1         0.386237
HR@5           0.747793      NDCG@5         0.579232
HR@10          0.860746      NDCG@10        0.616204



Epoch 4: Avg Loss/Batch 0.227718            

HR@1           0.396685      NDCG@1         0.396685
HR@5           0.760764      NDCG@5         0.591173
HR@10          0.868852      NDCG@10        0.626550



Epoch 5: Avg Loss/Batch 0.212553            

HR@1           0.393262      NDCG@1         0.393262
HR@5           0.758962      NDCG@5         0.588675
HR@10          0.872275      NDCG@10        0.625695



Epoch 6: Avg Loss/Batch 0.200551            

HR@1           0.389479      NDCG@1         0.389479
HR@5           0.752657      NDCG@5         0.583094
HR@10          0.867051      NDCG@10        0.620356



Epoch 7: Avg Loss/Batch 0.190753            

HR@1           0.392542      NDCG@1         0.392542
HR@5           0.760223      NDCG@5         0.589657
HR@10          0.871194      NDCG@10        0.625831



Epoch 8: Avg Loss/Batch 0.182636            

HR@1           0.395244      NDCG@1         0.395244
HR@5           0.762025      NDCG@5         0.591418
HR@10          0.870654      NDCG@10        0.627046



Epoch 9: Avg Loss/Batch 0.175922            

HR@1           0.400108      NDCG@1         0.400108
HR@5           0.763646      NDCG@5         0.593999
HR@10          0.876599      NDCG@10        0.630721



Epoch 10: Avg Loss/Batch 0.170044            

HR@1           0.403891      NDCG@1         0.403891
HR@5           0.770852      NDCG@5         0.599719
HR@10          0.873716      NDCG@10        0.633309



Epoch 11: Avg Loss/Batch 0.165232            

HR@1           0.403891      NDCG@1         0.403891
HR@5           0.773014      NDCG@5         0.603239
HR@10          0.879301      NDCG@10        0.637980



Epoch 12: Avg Loss/Batch 0.160926            

HR@1           0.388218      NDCG@1         0.388218
HR@5           0.759142      NDCG@5         0.587652
HR@10          0.864169      NDCG@10        0.621868



Epoch 13: Avg Loss/Batch 0.157236            

HR@1           0.407494      NDCG@1         0.407494
HR@5           0.766709      NDCG@5         0.600837
HR@10          0.865970      NDCG@10        0.633291



Epoch 14: Avg Loss/Batch 0.154034            

HR@1           0.401729      NDCG@1         0.401729
HR@5           0.767609      NDCG@5         0.598375
HR@10          0.873356      NDCG@10        0.632863



Epoch 15: Avg Loss/Batch 0.151240            

HR@1           0.412358      NDCG@1         0.412358
HR@5           0.778959      NDCG@5         0.609431
HR@10          0.881643      NDCG@10        0.643060



Epoch 16: Avg Loss/Batch 0.148822            

HR@1           0.394704      NDCG@1         0.394704
HR@5           0.763286      NDCG@5         0.591514
HR@10          0.868852      NDCG@10        0.625980



Epoch 17: Avg Loss/Batch 0.146426            

HR@1           0.409656      NDCG@1         0.409656
HR@5           0.763286      NDCG@5         0.599138
HR@10          0.873356      NDCG@10        0.634959



Epoch 18: Avg Loss/Batch 0.144411            

HR@1           0.399568      NDCG@1         0.399568
HR@5           0.760223      NDCG@5         0.593653
HR@10          0.868492      NDCG@10        0.628897



Epoch 19: Avg Loss/Batch 0.142360            

HR@1           0.411818      NDCG@1         0.411818
HR@5           0.773554      NDCG@5         0.606614
HR@10          0.879841      NDCG@10        0.641340



Epoch 20: Avg Loss/Batch 0.140509            

HR@1           0.404972      NDCG@1         0.404972
HR@5           0.771573      NDCG@5         0.602794
HR@10          0.873176      NDCG@10        0.635926



Epoch 21: Avg Loss/Batch 0.138674            

HR@1           0.411638      NDCG@1         0.411638
HR@5           0.766168      NDCG@5         0.602137
HR@10          0.871194      NDCG@10        0.636481



Epoch 22: Avg Loss/Batch 0.137004            

HR@1           0.400288      NDCG@1         0.400288
HR@5           0.754459      NDCG@5         0.592471
HR@10          0.852279      NDCG@10        0.624461



Epoch 23: Avg Loss/Batch 0.135497            

HR@1           0.408935      NDCG@1         0.408935
HR@5           0.771753      NDCG@5         0.605553
HR@10          0.877860      NDCG@10        0.640209



Epoch 24: Avg Loss/Batch 0.134022            

HR@1           0.402630      NDCG@1         0.402630
HR@5           0.769591      NDCG@5         0.600814
HR@10          0.869393      NDCG@10        0.633568



Epoch 25: Avg Loss/Batch 0.132593            

HR@1           0.416502      NDCG@1         0.416502
HR@5           0.783462      NDCG@5         0.614528
HR@10          0.880562      NDCG@10        0.646202



Epoch 26: Avg Loss/Batch 0.131254            

HR@1           0.413079      NDCG@1         0.413079
HR@5           0.773734      NDCG@5         0.608333
HR@10          0.882544      NDCG@10        0.643854



Epoch 27: Avg Loss/Batch 0.129851            

HR@1           0.395785      NDCG@1         0.395785
HR@5           0.758782      NDCG@5         0.591988
HR@10          0.869033      NDCG@10        0.627821



Epoch 28: Avg Loss/Batch 0.128448            

HR@1           0.393082      NDCG@1         0.393082
HR@5           0.760043      NDCG@5         0.591385
HR@10          0.866691      NDCG@10        0.626172



Epoch 29: Avg Loss/Batch 0.127258            

HR@1           0.414880      NDCG@1         0.414880
HR@5           0.776617      NDCG@5         0.611603
HR@10          0.877860      NDCG@10        0.644730


Final Evaluation:

HR@1           0.414880      NDCG@1         0.414880
HR@2           0.596289      NDCG@2         0.529336
HR@3           0.685822      NDCG@3         0.574103
HR@4           0.740047      NDCG@4         0.597456
HR@5           0.776617      NDCG@5         0.611603
HR@6           0.807422      NDCG@6         0.622577
HR@7           0.830661      NDCG@7         0.630323
HR@8           0.852819      NDCG@8         0.637313
HR@9           0.867772      NDCG@9         0.641814
HR@10          0.877860      NDCG@10        0.644730

