Epoch: 0 LR: [0.0008100000000000001]

Epoch 0: Avg Loss/Batch 0.381786            

HR@1           0.337957      NDCG@1         0.337957
HR@5           0.696811      NDCG@5         0.529033
HR@10          0.811385      NDCG@10        0.566494


Epoch: 1 LR: [0.000729]

Epoch 1: Avg Loss/Batch 0.315544            

HR@1           0.360656      NDCG@1         0.360656
HR@5           0.724014      NDCG@5         0.553438
HR@10          0.842371      NDCG@10        0.592192


Epoch: 2 LR: [0.0006561000000000001]

Epoch 2: Avg Loss/Batch 0.277038            

HR@1           0.379751      NDCG@1         0.379751
HR@5           0.735723      NDCG@5         0.569441
HR@10          0.850838      NDCG@10        0.606991


Epoch: 3 LR: [0.00059049]

Epoch 3: Avg Loss/Batch 0.250987            

HR@1           0.382454      NDCG@1         0.382454
HR@5           0.736624      NDCG@5         0.571432
HR@10          0.860025      NDCG@10        0.611726


Epoch: 4 LR: [0.000531441]

Epoch 4: Avg Loss/Batch 0.231770            

HR@1           0.383895      NDCG@1         0.383895
HR@5           0.747433      NDCG@5         0.577005
HR@10          0.863808      NDCG@10        0.614986


Epoch: 5 LR: [0.0004782969]

Epoch 5: Avg Loss/Batch 0.216839            

HR@1           0.377590      NDCG@1         0.377590
HR@5           0.745451      NDCG@5         0.574913
HR@10          0.861286      NDCG@10        0.612653


Epoch: 6 LR: [0.00043046721]

Epoch 6: Avg Loss/Batch 0.204766            

HR@1           0.375968      NDCG@1         0.375968
HR@5           0.748514      NDCG@5         0.574678
HR@10          0.861106      NDCG@10        0.611291


Epoch: 7 LR: [0.000387420489]

Epoch 7: Avg Loss/Batch 0.194806            

HR@1           0.392902      NDCG@1         0.392902
HR@5           0.761304      NDCG@5         0.589530
HR@10          0.872095      NDCG@10        0.625576


Epoch: 8 LR: [0.0003486784401]

Epoch 8: Avg Loss/Batch 0.186362            

HR@1           0.390560      NDCG@1         0.390560
HR@5           0.756080      NDCG@5         0.586901
HR@10          0.873897      NDCG@10        0.625272


Epoch: 9 LR: [0.00031381059609000004]

Epoch 9: Avg Loss/Batch 0.179108            

HR@1           0.376148      NDCG@1         0.376148
HR@5           0.744190      NDCG@5         0.574464
HR@10          0.865250      NDCG@10        0.613767


Epoch: 10 LR: [0.00028242953648100003]

Epoch 10: Avg Loss/Batch 0.172799            

HR@1           0.397406      NDCG@1         0.397406
HR@5           0.762926      NDCG@5         0.592747
HR@10          0.873897      NDCG@10        0.629045


Epoch: 11 LR: [0.00025418658283290005]

Epoch 11: Avg Loss/Batch 0.167219            

HR@1           0.392902      NDCG@1         0.392902
HR@5           0.761304      NDCG@5         0.591038
HR@10          0.875158      NDCG@10        0.628180


Epoch: 12 LR: [0.00022876792454961005]

Epoch 12: Avg Loss/Batch 0.162261            

HR@1           0.396145      NDCG@1         0.396145
HR@5           0.758422      NDCG@5         0.590912
HR@10          0.875518      NDCG@10        0.629223


Epoch: 13 LR: [0.00020589113209464906]

Epoch 13: Avg Loss/Batch 0.157870            

HR@1           0.395965      NDCG@1         0.395965
HR@5           0.764547      NDCG@5         0.593604
HR@10          0.875698      NDCG@10        0.629905


Epoch: 14 LR: [0.00018530201888518417]

Epoch 14: Avg Loss/Batch 0.153874            

HR@1           0.396685      NDCG@1         0.396685
HR@5           0.762926      NDCG@5         0.592844
HR@10          0.876419      NDCG@10        0.629891


Epoch: 15 LR: [0.00016677181699666576]

Epoch 15: Avg Loss/Batch 0.150269            

HR@1           0.393623      NDCG@1         0.393623
HR@5           0.762385      NDCG@5         0.590795
HR@10          0.879481      NDCG@10        0.628880


Epoch: 16 LR: [0.0001500946352969992]

Epoch 16: Avg Loss/Batch 0.147012            

HR@1           0.398487      NDCG@1         0.398487
HR@5           0.769231      NDCG@5         0.597224
HR@10          0.880562      NDCG@10        0.633543


Epoch: 17 LR: [0.0001350851717672993]

Epoch 17: Avg Loss/Batch 0.144025            

HR@1           0.399928      NDCG@1         0.399928
HR@5           0.770492      NDCG@5         0.598793
HR@10          0.882003      NDCG@10        0.635185


Epoch: 18 LR: [0.00012157665459056936]

Epoch 18: Avg Loss/Batch 0.141281            

HR@1           0.395424      NDCG@1         0.395424
HR@5           0.762025      NDCG@5         0.592186
HR@10          0.878400      NDCG@10        0.630166


Epoch: 19 LR: [0.00010941898913151243]

Epoch 19: Avg Loss/Batch 0.138744            

HR@1           0.386237      NDCG@1         0.386237
HR@5           0.752297      NDCG@5         0.582460
HR@10          0.872455      NDCG@10        0.621594


Epoch: 20 LR: [9.847709021836118e-05]

Epoch 20: Avg Loss/Batch 0.136398            

HR@1           0.400468      NDCG@1         0.400468
HR@5           0.770132      NDCG@5         0.598333
HR@10          0.881823      NDCG@10        0.634619


Epoch: 21 LR: [8.862938119652506e-05]

Epoch 21: Avg Loss/Batch 0.134211            

HR@1           0.402810      NDCG@1         0.402810
HR@5           0.772654      NDCG@5         0.601446
HR@10          0.882724      NDCG@10        0.637342


Epoch: 22 LR: [7.976644307687256e-05]

Epoch 22: Avg Loss/Batch 0.132190            

HR@1           0.399387      NDCG@1         0.399387
HR@5           0.769591      NDCG@5         0.598167
HR@10          0.884345      NDCG@10        0.635394


Epoch: 23 LR: [7.17897987691853e-05]

Epoch 23: Avg Loss/Batch 0.130301            

HR@1           0.398307      NDCG@1         0.398307
HR@5           0.771032      NDCG@5         0.598801
HR@10          0.882364      NDCG@10        0.635081


Epoch: 24 LR: [6.461081889226677e-05]

Epoch 24: Avg Loss/Batch 0.128546            

HR@1           0.397946      NDCG@1         0.397946
HR@5           0.767970      NDCG@5         0.597409
HR@10          0.880922      NDCG@10        0.634252


Epoch: 25 LR: [5.81497370030401e-05]

Epoch 25: Avg Loss/Batch 0.126888            

HR@1           0.402810      NDCG@1         0.402810
HR@5           0.770672      NDCG@5         0.600198
HR@10          0.882544      NDCG@10        0.636662


Epoch: 26 LR: [5.233476330273609e-05]

Epoch 26: Avg Loss/Batch 0.125342            

HR@1           0.399387      NDCG@1         0.399387
HR@5           0.764727      NDCG@5         0.595871
HR@10          0.882544      NDCG@10        0.634261


Epoch: 27 LR: [4.7101286972462485e-05]

Epoch 27: Avg Loss/Batch 0.123893            

HR@1           0.395424      NDCG@1         0.395424
HR@5           0.763826      NDCG@5         0.593685
HR@10          0.881283      NDCG@10        0.631951


Epoch: 28 LR: [4.239115827521624e-05]

Epoch 28: Avg Loss/Batch 0.122530            

HR@1           0.401369      NDCG@1         0.401369
HR@5           0.773014      NDCG@5         0.601029
HR@10          0.882904      NDCG@10        0.636854


Epoch: 29 LR: [3.8152042447694614e-05]

Epoch 29: Avg Loss/Batch 0.121250            

HR@1           0.393262      NDCG@1         0.393262
HR@5           0.762745      NDCG@5         0.591482
HR@10          0.881643      NDCG@10        0.630098


Final Evaluation:

HR@1           0.393262      NDCG@1         0.393262
HR@2           0.563502      NDCG@2         0.500672
HR@3           0.662403      NDCG@3         0.550122
HR@4           0.720411      NDCG@4         0.575105
HR@5           0.762745      NDCG@5         0.591482
HR@6           0.796974      NDCG@6         0.603674
HR@7           0.822735      NDCG@7         0.612261
HR@8           0.844713      NDCG@8         0.619195
HR@9           0.863808      NDCG@9         0.624943
HR@10          0.881643      NDCG@10        0.630098

